c:\users\zlo_here\desktop\prog\lab5.1\x64\debug\vc142.pdb
c:\users\zlo_here\desktop\prog\lab5.1\x64\debug\vc142.idb
c:\users\zlo_here\desktop\prog\lab5.1\x64\debug\lab5.1.obj
c:\users\zlo_here\desktop\prog\lab5.1\x64\debug\matrix.obj
c:\users\zlo_here\desktop\lab_prog\op_labs\lab5.1\x64\debug\vc142.pdb
c:\users\zlo_here\desktop\lab_prog\op_labs\lab5.1\x64\debug\vc142.idb
c:\users\zlo_here\desktop\lab_prog\op_labs\lab5.1\x64\debug\lab5.1.obj
c:\users\zlo_here\desktop\lab_prog\op_labs\lab5.1\x64\debug\matrix.obj
c:\users\zlo_here\desktop\prog\tushentsov_alexandr_211_353_lab1\x64\debug\lab5.1.exe
c:\users\zlo_here\desktop\prog\lab5.1\x64\debug\lab5.1.ilk
c:\users\zlo_here\desktop\prog\tushentsov_alexandr_211_353_lab1\x64\debug\lab5.1.pdb
c:\users\zlo_here\desktop\lab_prog\op_labs\tushentsov_alexandr_211_353_lab1\x64\debug\lab5.1.exe
c:\users\zlo_here\desktop\lab_prog\op_labs\lab5.1\x64\debug\lab5.1.ilk
c:\users\zlo_here\desktop\lab_prog\op_labs\tushentsov_alexandr_211_353_lab1\x64\debug\lab5.1.pdb
c:\users\zlo_here\desktop\lab_prog\lab5.1\x64\debug\lab5.1.obj
c:\users\zlo_here\desktop\lab_prog\lab5.1\x64\debug\matrix.obj
c:\users\zlo_here\desktop\lab_prog\lab5.1\x64\debug\lab5.1.obj.enc
c:\users\zlo_here\desktop\lab_prog\lab5.1\x64\debug\matrix.obj.enc
c:\users\zlo_here\desktop\lab_prog\lab5.1\x64\debug\lab5.1.ilk
c:\users\zlo_here\desktop\lab_prog\lab5.1\x64\debug\vc142.idb
c:\users\zlo_here\desktop\lab_prog\lab5.1\x64\debug\vc142.pdb
c:\users\zlo_here\desktop\lab_prog\tushentsov_alexandr_211_353_lab1\x64\debug\lab5.1.exe
c:\users\zlo_here\desktop\lab_prog\lab5.1\x64\debug\lab5.1.tlog\cl.command.1.tlog
c:\users\zlo_here\desktop\lab_prog\lab5.1\x64\debug\lab5.1.tlog\cl.read.1.tlog
c:\users\zlo_here\desktop\lab_prog\lab5.1\x64\debug\lab5.1.tlog\cl.write.1.tlog
c:\users\zlo_here\desktop\lab_prog\lab5.1\x64\debug\lab5.1.tlog\link.command.1.tlog
c:\users\zlo_here\desktop\lab_prog\lab5.1\x64\debug\lab5.1.tlog\link.read.1.tlog
c:\users\zlo_here\desktop\lab_prog\lab5.1\x64\debug\lab5.1.tlog\link.write.1.tlog
