  lab5.3.cpp
C:\Users\ZLO_HERE\desktop\lab_prog\OP_LABS\lab5.3\lab5.3.cpp(2,10): warning C4067: непредвиденные лексемы за директивой препроцессора, требуется newline
C:\Users\ZLO_HERE\desktop\lab_prog\OP_LABS\lab5.3\matr3diag.h(24,16): error C2143: синтаксическая ошибка: отсутствие ";" перед "&"
C:\Users\ZLO_HERE\desktop\lab_prog\OP_LABS\lab5.3\matr3diag.h(24,16): error C2433: ostream: "friend" не разрешается для объявлений данных
C:\Users\ZLO_HERE\desktop\lab_prog\OP_LABS\lab5.3\matr3diag.h(24,16): error C4430: отсутствует спецификатор типа - предполагается int. Примечание. C++ не поддерживает int по умолчанию
C:\Users\ZLO_HERE\desktop\lab_prog\OP_LABS\lab5.3\matr3diag.h(24,65): error C2238: непредвиденные лексемы перед ";"
C:\Users\ZLO_HERE\desktop\lab_prog\OP_LABS\lab5.3\lab5.3.cpp(11,15): error C2679: бинарный "<<": не найден оператор, принимающий правый операнд типа "Matr3diag" (или приемлемое преобразование отсутствует)
C:\Program Files (x86)\Microsoft Visual Studio\2019\Community\VC\Tools\MSVC\14.29.30133\include\ostream(465,39): message : может быть "std::basic_ostream<char,std::char_traits<char>> &std::basic_ostream<char,std::char_traits<char>>::operator <<(std::basic_streambuf<char,std::char_traits<char>> *)"
C:\Program Files (x86)\Microsoft Visual Studio\2019\Community\VC\Tools\MSVC\14.29.30133\include\ostream(440,39): message : или       "std::basic_ostream<char,std::char_traits<char>> &std::basic_ostream<char,std::char_traits<char>>::operator <<(const void *)"
C:\Program Files (x86)\Microsoft Visual Studio\2019\Community\VC\Tools\MSVC\14.29.30133\include\ostream(422,39): message : или       "std::basic_ostream<char,std::char_traits<char>> &std::basic_ostream<char,std::char_traits<char>>::operator <<(long double)"
C:\Program Files (x86)\Microsoft Visual Studio\2019\Community\VC\Tools\MSVC\14.29.30133\include\ostream(404,39): message : или       "std::basic_ostream<char,std::char_traits<char>> &std::basic_ostream<char,std::char_traits<char>>::operator <<(double)"
C:\Program Files (x86)\Microsoft Visual Studio\2019\Community\VC\Tools\MSVC\14.29.30133\include\ostream(386,39): message : или       "std::basic_ostream<char,std::char_traits<char>> &std::basic_ostream<char,std::char_traits<char>>::operator <<(float)"
C:\Program Files (x86)\Microsoft Visual Studio\2019\Community\VC\Tools\MSVC\14.29.30133\include\ostream(368,39): message : или       "std::basic_ostream<char,std::char_traits<char>> &std::basic_ostream<char,std::char_traits<char>>::operator <<(unsigned __int64)"
C:\Program Files (x86)\Microsoft Visual Studio\2019\Community\VC\Tools\MSVC\14.29.30133\include\ostream(350,39): message : или       "std::basic_ostream<char,std::char_traits<char>> &std::basic_ostream<char,std::char_traits<char>>::operator <<(__int64)"
C:\Program Files (x86)\Microsoft Visual Studio\2019\Community\VC\Tools\MSVC\14.29.30133\include\ostream(332,39): message : или       "std::basic_ostream<char,std::char_traits<char>> &std::basic_ostream<char,std::char_traits<char>>::operator <<(unsigned long)"
C:\Program Files (x86)\Microsoft Visual Studio\2019\Community\VC\Tools\MSVC\14.29.30133\include\ostream(314,39): message : или       "std::basic_ostream<char,std::char_traits<char>> &std::basic_ostream<char,std::char_traits<char>>::operator <<(long)"
C:\Program Files (x86)\Microsoft Visual Studio\2019\Community\VC\Tools\MSVC\14.29.30133\include\ostream(295,39): message : или       "std::basic_ostream<char,std::char_traits<char>> &std::basic_ostream<char,std::char_traits<char>>::operator <<(unsigned int)"
C:\Program Files (x86)\Microsoft Visual Studio\2019\Community\VC\Tools\MSVC\14.29.30133\include\ostream(269,39): message : или       "std::basic_ostream<char,std::char_traits<char>> &std::basic_ostream<char,std::char_traits<char>>::operator <<(int)"
C:\Program Files (x86)\Microsoft Visual Studio\2019\Community\VC\Tools\MSVC\14.29.30133\include\ostream(250,39): message : или       "std::basic_ostream<char,std::char_traits<char>> &std::basic_ostream<char,std::char_traits<char>>::operator <<(unsigned short)"
C:\Program Files (x86)\Microsoft Visual Studio\2019\Community\VC\Tools\MSVC\14.29.30133\include\ostream(216,39): message : или       "std::basic_ostream<char,std::char_traits<char>> &std::basic_ostream<char,std::char_traits<char>>::operator <<(short)"
C:\Program Files (x86)\Microsoft Visual Studio\2019\Community\VC\Tools\MSVC\14.29.30133\include\ostream(198,39): message : или       "std::basic_ostream<char,std::char_traits<char>> &std::basic_ostream<char,std::char_traits<char>>::operator <<(bool)"
C:\Program Files (x86)\Microsoft Visual Studio\2019\Community\VC\Tools\MSVC\14.29.30133\include\ostream(193,39): message : или       "std::basic_ostream<char,std::char_traits<char>> &std::basic_ostream<char,std::char_traits<char>>::operator <<(std::ios_base &(__cdecl *)(std::ios_base &))"
C:\Program Files (x86)\Microsoft Visual Studio\2019\Community\VC\Tools\MSVC\14.29.30133\include\ostream(188,39): message : или       "std::basic_ostream<char,std::char_traits<char>> &std::basic_ostream<char,std::char_traits<char>>::operator <<(std::basic_ios<char,std::char_traits<char>> &(__cdecl *)(std::basic_ios<char,std::char_traits<char>> &))"
C:\Program Files (x86)\Microsoft Visual Studio\2019\Community\VC\Tools\MSVC\14.29.30133\include\ostream(183,39): message : или       "std::basic_ostream<char,std::char_traits<char>> &std::basic_ostream<char,std::char_traits<char>>::operator <<(std::basic_ostream<char,std::char_traits<char>> &(__cdecl *)(std::basic_ostream<char,std::char_traits<char>> &))"
C:\Users\ZLO_HERE\desktop\lab_prog\OP_LABS\lab5.3\lab5.3.cpp(11,15): message : при попытке сопоставить список аргументов "(std::ostream, Matr3diag)"
  matr3diag.cpp
C:\Users\ZLO_HERE\desktop\lab_prog\OP_LABS\lab5.3\matr3diag.h(24,16): error C2143: синтаксическая ошибка: отсутствие ";" перед "&"
C:\Users\ZLO_HERE\desktop\lab_prog\OP_LABS\lab5.3\matr3diag.h(24,16): error C2433: ostream: "friend" не разрешается для объявлений данных
C:\Users\ZLO_HERE\desktop\lab_prog\OP_LABS\lab5.3\matr3diag.h(24,16): error C4430: отсутствует спецификатор типа - предполагается int. Примечание. C++ не поддерживает int по умолчанию
C:\Users\ZLO_HERE\desktop\lab_prog\OP_LABS\lab5.3\matr3diag.h(24,65): error C2238: непредвиденные лексемы перед ";"
C:\Users\ZLO_HERE\desktop\lab_prog\OP_LABS\lab5.3\matr3diag.cpp(34,13): warning C4244: инициализация: преобразование "double" в "int", возможна потеря данных
C:\Users\ZLO_HERE\desktop\lab_prog\OP_LABS\lab5.3\matr3diag.cpp(44,35): warning C4244: return: преобразование "double" в "int", возможна потеря данных
C:\Users\ZLO_HERE\desktop\lab_prog\OP_LABS\lab5.3\matr3diag.cpp(46,39): warning C4244: return: преобразование "double" в "int", возможна потеря данных
C:\Users\ZLO_HERE\desktop\lab_prog\OP_LABS\lab5.3\matr3diag.cpp(48,22): warning C4244: return: преобразование "double" в "int", возможна потеря данных
C:\Users\ZLO_HERE\desktop\lab_prog\OP_LABS\lab5.3\matr3diag.cpp(93,8): error C2872: ostream: неоднозначный символ
C:\Users\ZLO_HERE\desktop\lab_prog\OP_LABS\lab5.3\matr3diag.h(24,9): message : может быть "int ostream"
C:\Program Files (x86)\Microsoft Visual Studio\2019\Community\VC\Tools\MSVC\14.29.30133\include\iosfwd(225,7): message : или       "std::ostream"
C:\Users\ZLO_HERE\desktop\lab_prog\OP_LABS\lab5.3\matr3diag.cpp(93,8): error C2143: синтаксическая ошибка: отсутствие ";" перед "&"
C:\Users\ZLO_HERE\desktop\lab_prog\OP_LABS\lab5.3\matr3diag.cpp(93,8): error C4430: отсутствует спецификатор типа - предполагается int. Примечание. C++ не поддерживает int по умолчанию
C:\Users\ZLO_HERE\desktop\lab_prog\OP_LABS\lab5.3\matr3diag.cpp(93,1): error C2086: int ostream: переопределение
C:\Users\ZLO_HERE\desktop\lab_prog\OP_LABS\lab5.3\matr3diag.h(24): message : см. объявление "ostream"
C:\Users\ZLO_HERE\desktop\lab_prog\OP_LABS\lab5.3\matr3diag.cpp(93,28): error C2872: ostream: неоднозначный символ
C:\Users\ZLO_HERE\desktop\lab_prog\OP_LABS\lab5.3\matr3diag.h(24,9): message : может быть "int ostream"
C:\Program Files (x86)\Microsoft Visual Studio\2019\Community\VC\Tools\MSVC\14.29.30133\include\iosfwd(225,7): message : или       "std::ostream"
C:\Users\ZLO_HERE\desktop\lab_prog\OP_LABS\lab5.3\matr3diag.cpp(93,28): error C2473: operator <<: выглядит как определение функции, но без списка параметров.
C:\Users\ZLO_HERE\desktop\lab_prog\OP_LABS\lab5.3\matr3diag.cpp(93,28): error C4430: отсутствует спецификатор типа - предполагается int. Примечание. C++ не поддерживает int по умолчанию
C:\Users\ZLO_HERE\desktop\lab_prog\OP_LABS\lab5.3\matr3diag.cpp(93,30): error C2065: out: необъявленный идентификатор
C:\Users\ZLO_HERE\desktop\lab_prog\OP_LABS\lab5.3\matr3diag.cpp(93,35): error C2059: синтаксическая ошибка: const
C:\Users\ZLO_HERE\desktop\lab_prog\OP_LABS\lab5.3\matr3diag.cpp(94,1): error C2143: синтаксическая ошибка: отсутствие ";" перед "{"
C:\Users\ZLO_HERE\desktop\lab_prog\OP_LABS\lab5.3\matr3diag.cpp(94,1): error C2447: {: отсутствует заголовок функции (возможно, используется формальный список старого типа)
  Создание кода...
