c:\users\zlo_here\desktop\programm\lab4\x64\debug\vc142.pdb
c:\users\zlo_here\desktop\programm\lab4\x64\debug\vc142.idb
c:\users\zlo_here\desktop\programm\lab4\x64\debug\lab4.obj
c:\users\zlo_here\desktop\program\op_labs\lab4\x64\debug\vc142.pdb
c:\users\zlo_here\desktop\program\op_labs\lab4\x64\debug\vc142.idb
c:\users\zlo_here\desktop\program\op_labs\lab4\x64\debug\lab4.obj
c:\users\zlo_here\desktop\programm\tushentsov_alexandr_211_353_lab1\x64\debug\lab4.exe
c:\users\zlo_here\desktop\programm\lab4\x64\debug\lab4.ilk
c:\users\zlo_here\desktop\programm\tushentsov_alexandr_211_353_lab1\x64\debug\lab4.pdb
c:\users\zlo_here\desktop\lab_prog\lab4\x64\debug\lab4.obj
c:\users\zlo_here\desktop\lab_prog\lab4\x64\debug\lab4.ilk
c:\users\zlo_here\desktop\lab_prog\lab4\x64\debug\vc142.idb
c:\users\zlo_here\desktop\lab_prog\lab4\x64\debug\vc142.pdb
c:\users\zlo_here\desktop\lab_prog\tushentsov_alexandr_211_353_lab1\x64\debug\lab4.exe
c:\users\zlo_here\desktop\lab_prog\lab4\x64\debug\lab4.tlog\cl.command.1.tlog
c:\users\zlo_here\desktop\lab_prog\lab4\x64\debug\lab4.tlog\cl.read.1.tlog
c:\users\zlo_here\desktop\lab_prog\lab4\x64\debug\lab4.tlog\cl.write.1.tlog
c:\users\zlo_here\desktop\lab_prog\lab4\x64\debug\lab4.tlog\link.command.1.tlog
c:\users\zlo_here\desktop\lab_prog\lab4\x64\debug\lab4.tlog\link.read.1.tlog
c:\users\zlo_here\desktop\lab_prog\lab4\x64\debug\lab4.tlog\link.write.1.tlog
