c:\users\zlo_here\desktop\programm\tushentsov_alexandr_211_353_lab1\x64\debug\vc142.pdb
c:\users\zlo_here\desktop\programm\tushentsov_alexandr_211_353_lab1\x64\debug\vc142.idb
c:\users\zlo_here\desktop\programm\tushentsov_alexandr_211_353_lab1\x64\debug\lab1.obj
c:\users\zlo_here\desktop\programm\tushentsov_alexandr_211_353_lab1\x64\debug\lab1.ilk
c:\users\zlo_here\desktop\programm\tushentsov_alexandr_211_353_lab1\x64\debug\lab1.exe
c:\users\zlo_here\desktop\programm\tushentsov_alexandr_211_353_lab1\x64\debug\lab1.pdb
c:\users\zlo_here\desktop\lab_prog\tushentsov_alexandr_211_353_lab1\x64\debug\lab1.obj
c:\users\zlo_here\desktop\lab_prog\tushentsov_alexandr_211_353_lab1\x64\debug\task1.obj
c:\users\zlo_here\desktop\lab_prog\tushentsov_alexandr_211_353_lab1\x64\debug\lab1.ilk
c:\users\zlo_here\desktop\lab_prog\tushentsov_alexandr_211_353_lab1\x64\debug\task1.ilk
c:\users\zlo_here\desktop\lab_prog\tushentsov_alexandr_211_353_lab1\x64\debug\vc142.idb
c:\users\zlo_here\desktop\lab_prog\tushentsov_alexandr_211_353_lab1\x64\debug\lab1.pdb
c:\users\zlo_here\desktop\lab_prog\tushentsov_alexandr_211_353_lab1\x64\debug\lab2.pdb
c:\users\zlo_here\desktop\lab_prog\tushentsov_alexandr_211_353_lab1\x64\debug\lab3.pdb
c:\users\zlo_here\desktop\lab_prog\tushentsov_alexandr_211_353_lab1\x64\debug\lab4.1.pdb
c:\users\zlo_here\desktop\lab_prog\tushentsov_alexandr_211_353_lab1\x64\debug\lab4.2.pdb
c:\users\zlo_here\desktop\lab_prog\tushentsov_alexandr_211_353_lab1\x64\debug\lab4.pdb
c:\users\zlo_here\desktop\lab_prog\tushentsov_alexandr_211_353_lab1\x64\debug\lab5.1.pdb
c:\users\zlo_here\desktop\lab_prog\tushentsov_alexandr_211_353_lab1\x64\debug\lab5.3.pdb
c:\users\zlo_here\desktop\lab_prog\tushentsov_alexandr_211_353_lab1\x64\debug\task1.pdb
c:\users\zlo_here\desktop\lab_prog\tushentsov_alexandr_211_353_lab1\x64\debug\vc142.pdb
c:\users\zlo_here\desktop\lab_prog\tushentsov_alexandr_211_353_lab1\x64\debug\lab1.exe
c:\users\zlo_here\desktop\lab_prog\tushentsov_alexandr_211_353_lab1\x64\debug\lab1.tlog\cl.command.1.tlog
c:\users\zlo_here\desktop\lab_prog\tushentsov_alexandr_211_353_lab1\x64\debug\lab1.tlog\cl.read.1.tlog
c:\users\zlo_here\desktop\lab_prog\tushentsov_alexandr_211_353_lab1\x64\debug\lab1.tlog\cl.write.1.tlog
c:\users\zlo_here\desktop\lab_prog\tushentsov_alexandr_211_353_lab1\x64\debug\lab1.tlog\link.command.1.tlog
c:\users\zlo_here\desktop\lab_prog\tushentsov_alexandr_211_353_lab1\x64\debug\lab1.tlog\link.read.1.tlog
c:\users\zlo_here\desktop\lab_prog\tushentsov_alexandr_211_353_lab1\x64\debug\lab1.tlog\link.write.1.tlog
